['', 'conv1', 'pool1', 'pool2', 'relu1', 'accuracy']
['data', 'conv1', 'conv2', 'ip1', 'ip2', 'accuracy']
Full precision accuracy: 99.15%
Full precision accuracy: 99.15%
Layer: conv1 weights max: 0.5758825 min: -0.5130828 Format: Q0.7
Accuracy: 99.15%
Final conv1 weights format Q0.7 Accuracy: 99.15%
Layer: conv2 weights max: 0.19493961 min: -0.17330754 Format: Q-2.9
Accuracy: 99.15%
Final conv2 weights format Q-2.9 Accuracy: 99.15%
Layer: ip1 weights max: 0.103637 min: -0.09524928 Format: Q-3.10
Accuracy: 99.15%
Final ip1 weights format Q-3.10 Accuracy: 99.15%
Layer: ip2 weights max: 0.29908854 min: -0.25808975 Format: Q-1.8
Accuracy: 99.15%
Final ip2 weights format Q-1.8 Accuracy: 99.15%
Accuracy with quantized weights: 99.15%
Layer: data max: 0.99609375 min: 0.0 Format: Q0.7
Layer: conv1 max: 3.42211 min: -3.6807122 Format: Q2.5
Layer: conv2 max: 12.27129 min: -17.485039 Format: Q5.2
Layer: ip1 max: 12.547731 min: -15.336862 Format: Q4.3
Layer: ip2 max: 34.008083 min: -20.059845 Format: Q6.1
Layer: accuracy max: 1.0 min: 0.94 Format: Q0.7
Layer-data max: 0.9921875 min: 0.0 format: Q0.7 accuracy: 99.15%
Layer-data final format: Q0.7 accuracy: 99.15%
Layer-conv1 max: 3.4259858 min: -3.6875 format: Q2.5 accuracy: 99.17%
Layer-conv1 final format: Q2.5 accuracy: 99.17%
Layer-conv2 max: 12.271923 min: -17.5 format: Q5.2 accuracy: 99.21%
Layer-conv2 final format: Q5.2 accuracy: 99.21%
Layer-ip1 max: 12.588832 min: -15.327904 format: Q4.3 accuracy: 99.22%
Layer-ip1 final format: Q4.3 accuracy: 99.22%
Layer-ip2 max: 33.9719 min: -20.10661 format: Q6.1 accuracy: 99.15%
Layer-ip2 final format: Q6.1 accuracy: 99.15%
Accuracy with quantized weights: 99.15%
Accuracy with quantized weights and activations: 99.15%
Layer: conv1 biases max: 0.4611321 min: -0.32512984 Format: Q-1.8
Accuracy: 99.17%
Final conv1 biases format Q-1.8 Accuracy: 99.17%
Layer: conv2 biases max: 0.017817553 min: -0.11728705 Format: Q-3.10
Accuracy: 99.17%
Final conv2 biases format Q-3.10 Accuracy: 99.17%
Layer: ip1 biases max: 0.015712203 min: -0.014935884 Format: Q-5.12
Accuracy: 99.17%
Final ip1 biases format Q-5.12 Accuracy: 99.17%
Layer: ip2 biases max: 0.050218437 min: -0.02621721 Format: Q-4.11
Accuracy: 99.17%
Final ip2 biases format Q-4.11 Accuracy: 99.17%
Accuracy with quantized weights/biases: 99.15%
Accuracy with quantized weights/biases and activations: 99.17%
Input: data Q0.7(scaling factor:128)
Layer: conv1 Q2.5 (scaling factor:32) Wts: Q0.7 (scaling factor:128) Biases: Q-1.8(scaling factor:256)
Layer: conv2 Q5.2 (scaling factor:4) Wts: Q-2.9 (scaling factor:512) Biases: Q-3.10(scaling factor:1024)
Layer: ip1 Q4.3 (scaling factor:8) Wts: Q-3.10 (scaling factor:1024) Biases: Q-5.12(scaling factor:4096)
Layer: ip2 Q6.1 (scaling factor:2) Wts: Q-1.8 (scaling factor:256) Biases: Q-4.11(scaling factor:2048)
Layer: conv1 bias left shift: 6 act_rshift: 9
Layer: conv2 bias left shift: 4 act_rshift: 12
Layer: ip1 bias left shift: 0 act_rshift: 9
Layer: ip2 bias left shift: 0 act_rshift: 10
